#
# A fatal error has been detected by the Java Runtime Environment:
#
#  EXCEPTION_ACCESS_VIOLATION (0xc0000005) at pc=0x502d16da, pid=3596, tid=0x0000094c
#
# JRE version: Java(TM) SE Runtime Environment (8.0_201-b09) (build 1.8.0_201-b09)
# Java VM: Java HotSpot(TM) Client VM (25.201-b09 mixed mode, sharing windows-x86 )
# Problematic frame:
# V  [jvm.dll+0xc16da]
#
# Failed to write core dump. Minidumps are not enabled by default on client versions of Windows
#
# If you would like to submit a bug report, please visit:
#   http://bugreport.java.com/bugreport/crash.jsp
#

---------------  T H R E A D  ---------------

Current thread (0x01266400):  VMThread [stack: 0x03900000,0x03950000] [id=2380]

siginfo: ExceptionCode=0xc0000005, reading address 0x0be57f18

Registers:
EAX=0x14aa2db8, EBX=0x094a37f4, ECX=0x14aa2db0, EDX=0x00000005
ESP=0x0394f0b4, EBP=0x0394f0d4, ESI=0x094a3808, EDI=0x0be57f18
EIP=0x502d16da, EFLAGS=0x00010206

Top of Stack: (sp=0x0394f0b4)
0x0394f0b4:   15ac2800 00000000 5058188c 14aa2db8
0x0394f0c4:   094a3808 00000003 00000000 14aa2db0
0x0394f0d4:   0394f0f4 503c9921 094a37e8 15ac2800
0x0394f0e4:   5058188c 00000000 ffffffee 5058188c
0x0394f0f4:   0394f100 503c9b1c 15ac2804 0394f2e8
0x0394f104:   5038c3e3 15ac2804 00000001 15ac2800
0x0394f114:   00000000 00000000 0394f36c 0394f13c
0x0394f124:   00000012 77542b77 74e0ae66 0394f360 

Instructions: (pc=0x502d16da)
0x502d16ba:   04 8d 34 93 89 75 f0 3b de 0f 83 3a 01 00 00 8d
0x502d16ca:   a4 24 00 00 00 00 8b 3b 85 ff 0f 84 1b 01 00 00
0x502d16da:   8b 07 83 e0 03 3c 03 0f 84 0e 01 00 00 80 3d dc
0x502d16ea:   7e 5a 50 00 74 09 57 e8 ca 96 1a 00 83 c4 04 8b 


Register to memory mapping:

EAX=0x14aa2db8 is pointing into metadata
EBX=0x094a37f4 is pointing into object: 0x094a37e8
java.util.LinkedHashMap$Entry 
 - klass: 'java/util/LinkedHashMap$Entry'
ECX=0x14aa2db0 is pointing into metadata
EDX=0x00000005 is an unknown value
ESP=0x0394f0b4 is an unknown value
EBP=0x0394f0d4 is an unknown value
ESI=0x094a3808 is an oop
java.util.LinkedHashMap$Entry 
 - klass: 'java/util/LinkedHashMap$Entry'
EDI=0x0be57f18 is an unallocated location in the heap


Stack: [0x03900000,0x03950000],  sp=0x0394f0b4,  free space=316k
Native frames: (J=compiled Java code, j=interpreted, Vv=VM code, C=native code)
V  [jvm.dll+0xc16da]
V  [jvm.dll+0x1b9921]
V  [jvm.dll+0x1b9b1c]
V  [jvm.dll+0x17c3e3]
V  [jvm.dll+0x17af0a]
V  [jvm.dll+0x997e0]
V  [jvm.dll+0x9aad1]
V  [jvm.dll+0x9c850]
V  [jvm.dll+0x9ccb9]
V  [jvm.dll+0x9ba6f]
V  [jvm.dll+0xa7e52]
V  [jvm.dll+0x9a6a3]
V  [jvm.dll+0x946f5]
V  [jvm.dll+0x1bcd36]
V  [jvm.dll+0x184e7b]
V  [jvm.dll+0x184291]
V  [jvm.dll+0x1846a7]
V  [jvm.dll+0x1848a2]
V  [jvm.dll+0x1c6a76]
C  [msvcr100.dll+0x5c556]
C  [msvcr100.dll+0x5c600]
C  [kernel32.dll+0x4ef3c]
C  [ntdll.dll+0x6360c]
C  [ntdll.dll+0x635df]

VM_Operation (0x0114dbd0): GenCollectForAllocation, mode: safepoint, requested by thread 0x0115f800


---------------  P R O C E S S  ---------------

Java Threads: ( => current thread )
  0x15ac2800 JavaThread "Keep-Alive-Timer" daemon [_thread_blocked, id=4724, stack(0x01330000,0x01380000)]
  0x15abdc00 JavaThread "Exec Stream Pumper" daemon [_thread_in_native, id=3500, stack(0x039b0000,0x03a00000)]
  0x15abd800 JavaThread "Exec Stream Pumper" daemon [_thread_in_native, id=5848, stack(0x13a70000,0x13ac0000)]
  0x1550e000 JavaThread "UrlChecker-2" daemon [_thread_blocked, id=3824, stack(0x16420000,0x16470000)]
  0x15509400 JavaThread "Exec Default Executor" daemon [_thread_in_native, id=4936, stack(0x14930000,0x14980000)]
  0x153ef800 JavaThread "ReaderThread" [_thread_in_native, id=5312, stack(0x13c70000,0x13cc0000)]
  0x012fd800 JavaThread "Service Thread" daemon [_thread_blocked, id=5424, stack(0x13b20000,0x13b70000)]
  0x012d4800 JavaThread "C1 CompilerThread0" daemon [_thread_blocked, id=5104, stack(0x13c00000,0x13c50000)]
  0x012d2c00 JavaThread "Attach Listener" daemon [_thread_blocked, id=5388, stack(0x13bb0000,0x13c00000)]
  0x012d0000 JavaThread "Signal Dispatcher" daemon [_thread_blocked, id=5480, stack(0x038a0000,0x038f0000)]
  0x012c8000 JavaThread "Finalizer" daemon [_thread_blocked, id=1660, stack(0x01520000,0x01570000)]
  0x01269000 JavaThread "Reference Handler" daemon [_thread_blocked, id=5172, stack(0x03950000,0x039a0000)]
  0x0115f800 JavaThread "Forwarding newSession on session null to remote" [_thread_blocked, id=4716, stack(0x01100000,0x01150000)]

Other Threads:
=>0x01266400 VMThread [stack: 0x03900000,0x03950000] [id=2380]
  0x01314400 WatcherThread [stack: 0x13cc0000,0x13d10000] [id=5108]

VM state:at safepoint (normal execution)

VM Mutex/Monitor currently owned by a thread:  ([mutex/lock_event])
[0x0115dc00] Threads_lock - owner thread: 0x01266400
[0x0115e010] Heap_lock - owner thread: 0x0115f800

Heap:
 def new generation   total 4928K, used 512K [0x03a00000, 0x03f50000, 0x08f50000)
  eden space 4416K,   0% used [0x03a00000, 0x03a00000, 0x03e50000)
  from space 512K, 100% used [0x03e50000, 0x03ed0000, 0x03ed0000)
  to   space 512K,   0% used [0x03ed0000, 0x03ed0000, 0x03f50000)
 tenured generation   total 11200K, used 11090K [0x08f50000, 0x09a40000, 0x13a00000)
   the space 11200K,  99% used [0x08f50000, 0x09a24960, 0x09a24a00, 0x09a40000)
 Metaspace       used 9174K, capacity 9658K, committed 9728K, reserved 10624K

Card table byte_map: [0x013a0000,0x01430000] byte_map_base: 0x01383000

Polling page: 0x001e0000

CodeCache: size=32768Kb used=1843Kb max_used=1843Kb free=30924Kb
 bounds [0x01880000, 0x01a50000, 0x03880000]
 total_blobs=1010 nmethods=823 adapters=118
 compilation: enabled

Compilation events (10 events):
Event: 9.891 Thread 0x012d4800  839             java.nio.Buffer::checkBounds (25 bytes)
Event: 9.891 Thread 0x012d4800 nmethod 839 0x01a4c888 code [0x01a4c990, 0x01a4ca7c]
Event: 9.891 Thread 0x012d4800  840             java.nio.HeapCharBuffer::ix (7 bytes)
Event: 9.891 Thread 0x012d4800 nmethod 840 0x01a4cb08 code [0x01a4cc00, 0x01a4cc80]
Event: 9.891 Thread 0x012d4800  841             org.openqa.selenium.json.Input::read (18 bytes)
Event: 9.892 Thread 0x012d4800 nmethod 841 0x01a4ccc8 code [0x01a4cdd0, 0x01a4ce98]
Event: 9.892 Thread 0x012d4800  842             org.openqa.selenium.json.Input::append (57 bytes)
Event: 9.892 Thread 0x012d4800 nmethod 842 0x01a4cf08 code [0x01a4d000, 0x01a4d0f0]
Event: 10.663 Thread 0x012d4800  843             java.util.Arrays::hashCode (56 bytes)
Event: 10.663 Thread 0x012d4800 nmethod 843 0x01a4d1c8 code [0x01a4d2d0, 0x01a4d3dc]

GC Heap History (10 events):
Event: 7.197 GC heap after
Heap after GC invocations=13 (full 0):
 def new generation   total 4928K, used 512K [0x03a00000, 0x03f50000, 0x08f50000)
  eden space 4416K,   0% used [0x03a00000, 0x03a00000, 0x03e50000)
  from space 512K, 100% used [0x03ed0000, 0x03f50000, 0x03f50000)
  to   space 512K,   0% used [0x03e50000, 0x03e50000, 0x03ed0000)
 tenured generation   total 10944K, used 8585K [0x08f50000, 0x09a00000, 0x13a00000)
   the space 10944K,  78% used [0x08f50000, 0x097b2798, 0x097b2800, 0x09a00000)
 Metaspace       used 6992K, capacity 7983K, committed 8064K, reserved 8576K
}
Event: 7.334 GC heap before
{Heap before GC invocations=13 (full 0):
 def new generation   total 4928K, used 4928K [0x03a00000, 0x03f50000, 0x08f50000)
  eden space 4416K, 100% used [0x03a00000, 0x03e50000, 0x03e50000)
  from space 512K, 100% used [0x03ed0000, 0x03f50000, 0x03f50000)
  to   space 512K,   0% used [0x03e50000, 0x03e50000, 0x03ed0000)
 tenured generation   total 10944K, used 8585K [0x08f50000, 0x09a00000, 0x13a00000)
   the space 10944K,  78% used [0x08f50000, 0x097b2798, 0x097b2800, 0x09a00000)
 Metaspace       used 7089K, capacity 8062K, committed 8064K, reserved 8576K
Event: 7.345 GC heap after
Heap after GC invocations=14 (full 0):
 def new generation   total 4928K, used 512K [0x03a00000, 0x03f50000, 0x08f50000)
  eden space 4416K,   0% used [0x03a00000, 0x03a00000, 0x03e50000)
  from space 512K, 100% used [0x03e50000, 0x03ed0000, 0x03ed0000)
  to   space 512K,   0% used [0x03ed0000, 0x03ed0000, 0x03f50000)
 tenured generation   total 10944K, used 9368K [0x08f50000, 0x09a00000, 0x13a00000)
   the space 10944K,  85% used [0x08f50000, 0x098762d0, 0x09876400, 0x09a00000)
 Metaspace       used 7089K, capacity 8062K, committed 8064K, reserved 8576K
}
Event: 7.789 GC heap before
{Heap before GC invocations=14 (full 0):
 def new generation   total 4928K, used 4928K [0x03a00000, 0x03f50000, 0x08f50000)
  eden space 4416K, 100% used [0x03a00000, 0x03e50000, 0x03e50000)
  from space 512K, 100% used [0x03e50000, 0x03ed0000, 0x03ed0000)
  to   space 512K,   0% used [0x03ed0000, 0x03ed0000, 0x03f50000)
 tenured generation   total 10944K, used 9368K [0x08f50000, 0x09a00000, 0x13a00000)
   the space 10944K,  85% used [0x08f50000, 0x098762d0, 0x09876400, 0x09a00000)
 Metaspace       used 7421K, capacity 8072K, committed 8192K, reserved 8576K
Event: 7.795 GC heap after
Heap after GC invocations=15 (full 0):
 def new generation   total 4928K, used 494K [0x03a00000, 0x03f50000, 0x08f50000)
  eden space 4416K,   0% used [0x03a00000, 0x03a00000, 0x03e50000)
  from space 512K,  96% used [0x03ed0000, 0x03f4b988, 0x03f50000)
  to   space 512K,   0% used [0x03e50000, 0x03e50000, 0x03ed0000)
 tenured generation   total 10944K, used 9878K [0x08f50000, 0x09a00000, 0x13a00000)
   the space 10944K,  90% used [0x08f50000, 0x098f5b58, 0x098f5c00, 0x09a00000)
 Metaspace       used 7421K, capacity 8072K, committed 8192K, reserved 8576K
}
Event: 9.157 GC heap before
{Heap before GC invocations=15 (full 0):
 def new generation   total 4928K, used 4910K [0x03a00000, 0x03f50000, 0x08f50000)
  eden space 4416K, 100% used [0x03a00000, 0x03e50000, 0x03e50000)
  from space 512K,  96% used [0x03ed0000, 0x03f4b988, 0x03f50000)
  to   space 512K,   0% used [0x03e50000, 0x03e50000, 0x03ed0000)
 tenured generation   total 10944K, used 9878K [0x08f50000, 0x09a00000, 0x13a00000)
   the space 10944K,  90% used [0x08f50000, 0x098f5b58, 0x098f5c00, 0x09a00000)
 Metaspace       used 8145K, capacity 8546K, committed 8576K, reserved 8576K
Event: 9.169 GC heap after
Heap after GC invocations=16 (full 0):
 def new generation   total 4928K, used 512K [0x03a00000, 0x03f50000, 0x08f50000)
  eden space 4416K,   0% used [0x03a00000, 0x03a00000, 0x03e50000)
  from space 512K, 100% used [0x03e50000, 0x03ed0000, 0x03ed0000)
  to   space 512K,   0% used [0x03ed0000, 0x03ed0000, 0x03f50000)
 tenured generation   total 10944K, used 10406K [0x08f50000, 0x09a00000, 0x13a00000)
   the space 10944K,  95% used [0x08f50000, 0x09979ba0, 0x09979c00, 0x09a00000)
 Metaspace       used 8145K, capacity 8546K, committed 8576K, reserved 8576K
}
Event: 9.636 GC heap before
{Heap before GC invocations=16 (full 0):
 def new generation   total 4928K, used 4928K [0x03a00000, 0x03f50000, 0x08f50000)
  eden space 4416K, 100% used [0x03a00000, 0x03e50000, 0x03e50000)
  from space 512K, 100% used [0x03e50000, 0x03ed0000, 0x03ed0000)
  to   space 512K,   0% used [0x03ed0000, 0x03ed0000, 0x03f50000)
 tenured generation   total 10944K, used 10406K [0x08f50000, 0x09a00000, 0x13a00000)
   the space 10944K,  95% used [0x08f50000, 0x09979ba0, 0x09979c00, 0x09a00000)
 Metaspace       used 8607K, capacity 9114K, committed 9216K, reserved 9600K
Event: 9.646 GC heap after
Heap after GC invocations=17 (full 0):
 def new generation   total 4928K, used 512K [0x03a00000, 0x03f50000, 0x08f50000)
  eden space 4416K,   0% used [0x03a00000, 0x03a00000, 0x03e50000)
  from space 512K, 100% used [0x03ed0000, 0x03f50000, 0x03f50000)
  to   space 512K,   0% used [0x03e50000, 0x03e50000, 0x03ed0000)
 tenured generation   total 10944K, used 10713K [0x08f50000, 0x09a00000, 0x13a00000)
   the space 10944K,  97% used [0x08f50000, 0x099c6458, 0x099c6600, 0x09a00000)
 Metaspace       used 8607K, capacity 9114K, committed 9216K, reserved 9600K
}
Event: 10.695 GC heap before
{Heap before GC invocations=17 (full 0):
 def new generation   total 4928K, used 4928K [0x03a00000, 0x03f50000, 0x08f50000)
  eden space 4416K, 100% used [0x03a00000, 0x03e50000, 0x03e50000)
  from space 512K, 100% used [0x03ed0000, 0x03f50000, 0x03f50000)
  to   space 512K,   0% used [0x03e50000, 0x03e50000, 0x03ed0000)
 tenured generation   total 10944K, used 10713K [0x08f50000, 0x09a00000, 0x13a00000)
   the space 10944K,  97% used [0x08f50000, 0x099c6458, 0x099c6600, 0x09a00000)
 Metaspace       used 9174K, capacity 9658K, committed 9728K, reserved 10624K

Deoptimization events (0 events):
No events

Classes redefined (0 events):
No events

Internal exceptions (10 events):
Event: 6.916 Thread 0x0115f800 Exception <a 'java/lang/NoSuchFieldError': method resolution failed> (0x03c744e0) thrown at [C:\re\workspace\8-2-build-windows-i586-cygwin\jdk8u201\12322\hotspot\src\share\vm\prims\methodHandles.cpp, line 1167]
Event: 8.426 Thread 0x1550e000 Exception <a 'java/net/SocketTimeoutException': connect timed out> (0x03bf4740) thrown at [C:\re\workspace\8-2-build-windows-i586-cygwin\jdk8u201\12322\hotspot\src\share\vm\prims\jni.cpp, line 735]
Event: 8.938 Thread 0x1550e000 Exception <a 'java/net/SocketTimeoutException': connect timed out> (0x03bf59a0) thrown at [C:\re\workspace\8-2-build-windows-i586-cygwin\jdk8u201\12322\hotspot\src\share\vm\prims\jni.cpp, line 735]
Event: 9.049 Thread 0x0115f800 Exception <a 'java/lang/IncompatibleClassChangeError': Found class java.lang.Object, but interface was expected> (0x03cf4ab0) thrown at [C:\re\workspace\8-2-build-windows-i586-cygwin\jdk8u201\12322\hotspot\src\share\vm\interpreter\linkResolver.cpp, line 6
Event: 9.059 Thread 0x0115f800 Exception <a 'java/lang/NoSuchMethodError': java.lang.Object.lambda$or$2(Ljava/util/function/Predicate;Ljava/lang/Object;)Z> (0x03d02230) thrown at [C:\re\workspace\8-2-build-windows-i586-cygwin\jdk8u201\12322\hotspot\src\share\vm\interpreter\linkResolver
Event: 9.148 Thread 0x0115f800 Exception <a 'java/lang/ArrayIndexOutOfBoundsException'> (0x03e2dfd0) thrown at [C:\re\workspace\8-2-build-windows-i586-cygwin\jdk8u201\12322\hotspot\src\share\vm\runtime\sharedRuntime.cpp, line 605]
Event: 9.149 Thread 0x0115f800 Exception <a 'java/lang/ArrayIndexOutOfBoundsException'> (0x03e2f460) thrown at [C:\re\workspace\8-2-build-windows-i586-cygwin\jdk8u201\12322\hotspot\src\share\vm\runtime\sharedRuntime.cpp, line 605]
Event: 9.150 Thread 0x0115f800 Exception <a 'java/lang/ArrayIndexOutOfBoundsException'> (0x03e34f58) thrown at [C:\re\workspace\8-2-build-windows-i586-cygwin\jdk8u201\12322\hotspot\src\share\vm\runtime\sharedRuntime.cpp, line 605]
Event: 9.152 Thread 0x0115f800 Exception <a 'java/lang/ArrayIndexOutOfBoundsException'> (0x03e3a3c0) thrown at [C:\re\workspace\8-2-build-windows-i586-cygwin\jdk8u201\12322\hotspot\src\share\vm\runtime\sharedRuntime.cpp, line 605]
Event: 9.353 Thread 0x0115f800 Exception <a 'java/lang/NoSuchMethodError': java.lang.Object.lambda$chars$0()Ljava/util/Spliterator$OfInt;> (0x03bce4b8) thrown at [C:\re\workspace\8-2-build-windows-i586-cygwin\jdk8u201\12322\hotspot\src\share\vm\interpreter\linkResolver.cpp, line 620]

Events (10 events):
Event: 10.685 loading class com/google/common/collect/Multimaps$TransformedEntriesMultimap done
Event: 10.687 loading class com/google/common/collect/AbstractMultimap$Entries
Event: 10.687 loading class com/google/common/collect/AbstractMultimap$Entries done
Event: 10.688 loading class com/google/common/collect/Multimaps$Entries
Event: 10.688 loading class com/google/common/collect/Multimaps$Entries done
Event: 10.692 loading class okhttp3/Request$Builder
Event: 10.692 loading class okhttp3/Request$Builder done
Event: 10.694 loading class okhttp3/Headers$Builder
Event: 10.694 loading class okhttp3/Headers$Builder done
Event: 10.694 Executing VM operation: GenCollectForAllocation


Dynamic libraries:
0x011f0000 - 0x01223000 	F:\Program Files\Java\jre1.8.0_201\bin\javaw.exe
0x774f0000 - 0x77632000 	F:\Windows\SYSTEM32\ntdll.dll
0x75c60000 - 0x75d35000 	F:\Windows\system32\kernel32.dll
0x754b0000 - 0x754fb000 	F:\Windows\system32\KERNELBASE.dll
0x758d0000 - 0x75971000 	F:\Windows\system32\ADVAPI32.dll
0x764c0000 - 0x7656c000 	F:\Windows\system32\msvcrt.dll
0x75c40000 - 0x75c59000 	F:\Windows\SYSTEM32\sechost.dll
0x75b40000 - 0x75be2000 	F:\Windows\system32\RPCRT4.dll
0x76680000 - 0x76749000 	F:\Windows\system32\USER32.dll
0x75bf0000 - 0x75c3e000 	F:\Windows\system32\GDI32.dll
0x76670000 - 0x7667a000 	F:\Windows\system32\LPK.dll
0x75830000 - 0x758cd000 	F:\Windows\system32\USP10.dll
0x74150000 - 0x742ee000 	F:\Windows\WinSxS\x86_microsoft.windows.common-controls_6595b64144ccf1df_6.0.7601.24483_none_2b200f664577e14b\COMCTL32.dll
0x776e0000 - 0x77737000 	F:\Windows\system32\SHLWAPI.dll
0x776c0000 - 0x776df000 	F:\Windows\system32\IMM32.DLL
0x76190000 - 0x7625e000 	F:\Windows\system32\MSCTF.dll
0x5afc0000 - 0x5b07f000 	F:\Program Files\Java\jre1.8.0_201\bin\msvcr100.dll
0x50210000 - 0x505e5000 	F:\Program Files\Java\jre1.8.0_201\bin\client\jvm.dll
0x6d600000 - 0x6d607000 	F:\Windows\system32\WSOCK32.dll
0x765a0000 - 0x765d5000 	F:\Windows\system32\WS2_32.dll
0x75980000 - 0x75986000 	F:\Windows\system32\NSI.dll
0x6b7a0000 - 0x6b7d2000 	F:\Windows\system32\WINMM.dll
0x746f0000 - 0x746f9000 	F:\Windows\system32\VERSION.dll
0x76180000 - 0x76185000 	F:\Windows\system32\PSAPI.DLL
0x6dba0000 - 0x6dbac000 	F:\Program Files\Java\jre1.8.0_201\bin\verify.dll
0x6d480000 - 0x6d4a1000 	F:\Program Files\Java\jre1.8.0_201\bin\java.dll
0x6db80000 - 0x6db94000 	F:\Program Files\Java\jre1.8.0_201\bin\zip.dll
0x768a0000 - 0x774ec000 	F:\Windows\system32\SHELL32.dll
0x762c0000 - 0x7641f000 	F:\Windows\system32\ole32.dll
0x75280000 - 0x7528b000 	F:\Windows\system32\profapi.dll
0x6d460000 - 0x6d475000 	F:\Program Files\Java\jre1.8.0_201\bin\net.dll
0x76750000 - 0x7689f000 	F:\Windows\system32\urlmon.dll
0x75570000 - 0x75574000 	F:\Windows\system32\api-ms-win-downlevel-ole32-l1-1-0.dll
0x75590000 - 0x75594000 	F:\Windows\system32\api-ms-win-downlevel-shlwapi-l1-1-0.dll
0x75580000 - 0x75585000 	F:\Windows\system32\api-ms-win-downlevel-advapi32-l1-1-0.dll
0x752a0000 - 0x752a4000 	F:\Windows\system32\api-ms-win-downlevel-user32-l1-1-0.dll
0x75530000 - 0x75534000 	F:\Windows\system32\api-ms-win-downlevel-version-l1-1-0.dll
0x75290000 - 0x75293000 	F:\Windows\system32\api-ms-win-downlevel-normaliz-l1-1-0.dll
0x75990000 - 0x75993000 	F:\Windows\system32\normaliz.DLL
0x755a0000 - 0x757d8000 	F:\Windows\system32\iertutil.dll
0x75d40000 - 0x76177000 	F:\Windows\system32\WININET.dll
0x75490000 - 0x754a9000 	F:\Windows\system32\USERENV.dll
0x74c20000 - 0x74c5c000 	F:\Windows\system32\mswsock.dll
0x74c10000 - 0x74c16000 	F:\Windows\System32\wship6.dll
0x74780000 - 0x74785000 	F:\Windows\System32\wshtcpip.dll
0x74ae0000 - 0x74b24000 	F:\Windows\system32\DNSAPI.dll
0x736f0000 - 0x7370c000 	F:\Windows\system32\IPHLPAPI.DLL
0x73630000 - 0x73637000 	F:\Windows\system32\WINNSI.DLL
0x6d2a0000 - 0x6d2a6000 	F:\Windows\system32\rasadhlp.dll
0x73590000 - 0x735c8000 	F:\Windows\System32\fwpuclnt.dll
0x74c60000 - 0x74c77000 	F:\Windows\system32\CRYPTSP.dll
0x749f0000 - 0x74a2b000 	F:\Windows\system32\rsaenh.dll
0x75190000 - 0x7519c000 	F:\Windows\system32\CRYPTBASE.dll
0x73560000 - 0x73572000 	F:\Windows\system32\dhcpcsvc.DLL
0x73510000 - 0x7351d000 	F:\Windows\system32\dhcpcsvc6.DLL
0x71c30000 - 0x71c3f000 	F:\Program Files\Java\jre1.8.0_201\bin\nio.dll
0x6d4b0000 - 0x6d4d0000 	F:\Program Files\Java\jre1.8.0_201\bin\sunec.dll
0x6d450000 - 0x6d459000 	F:\Program Files\Java\jre1.8.0_201\bin\sunmscapi.dll
0x752b0000 - 0x753d2000 	F:\Windows\system32\CRYPT32.dll
0x75270000 - 0x7527c000 	F:\Windows\system32\MSASN1.dll
0x75140000 - 0x7518c000 	F:\Windows\system32\apphelp.dll
0x72c70000 - 0x72d5b000 	F:\Windows\system32\dbghelp.dll

VM Arguments:
jvm_args: -ea -Dfile.encoding=Cp1252 
java_command: org.testng.remote.RemoteTestNG -serport 54685 -protocol json -d F:\Users\ghildiyal\eclipse-workspace\TelecomProject\test-output F:\Users\GHILDI~1\AppData\Local\Temp\testng-eclipse-239129103\testng-customsuite.xml
java_class_path (initial): F:\Users\ghildiyal\Desktop\eclipse\configuration\org.eclipse.osgi\1004\0\.cp\lib\testng-remote.jar;F:\Users\ghildiyal\eclipse-workspace\TelecomProject\target\test-classes;F:\Users\ghildiyal\eclipse-workspace\TelecomProject\target\classes;F:\Users\ghildiyal\.m2\repository\org\testng\testng\6.14.3\testng-6.14.3.jar;F:\Users\ghildiyal\.m2\repository\com\beust\jcommander\1.72\jcommander-1.72.jar;F:\Users\ghildiyal\.m2\repository\org\apache-extras\beanshell\bsh\2.0b6\bsh-2.0b6.jar;F:\Users\ghildiyal\.m2\repository\org\seleniumhq\selenium\selenium-java\3.141.59\selenium-java-3.141.59.jar;F:\Users\ghildiyal\.m2\repository\org\seleniumhq\selenium\selenium-api\3.141.59\selenium-api-3.141.59.jar;F:\Users\ghildiyal\.m2\repository\org\seleniumhq\selenium\selenium-chrome-driver\3.141.59\selenium-chrome-driver-3.141.59.jar;F:\Users\ghildiyal\.m2\repository\org\seleniumhq\selenium\selenium-edge-driver\3.141.59\selenium-edge-driver-3.141.59.jar;F:\Users\ghildiyal\.m2\repository\org\seleniumhq\selenium\selenium-firefox-driver\3.141.59\selenium-firefox-driver-3.141.59.jar;F:\Users\ghildiyal\.m2\repository\org\seleniumhq\selenium\selenium-ie-driver\3.141.59\selenium-ie-driver-3.141.59.jar;F:\Users\ghildiyal\.m2\repository\org\seleniumhq\selenium\selenium-opera-driver\3.141.59\selenium-opera-driver-3.141.59.jar;F:\Users\ghildiyal\.m2\repository\org\seleniumhq\selenium\selenium-remote-driver\3.141.59\selenium-remote-driver-3.141.59.jar;F:\Users\ghildiyal\.m2\repository\org\seleniumhq\selenium\selenium-safari-driver\3.141.59\selenium-safari-driver-3.141.59.jar;F:\Users\ghildiyal\.m2\repository\org\seleniumhq\selenium\selenium-support\3.141.59\selenium-support-3.141.59.jar;F:\Users\ghildiyal\.m2\repository\net\bytebuddy\byte-buddy\1.8.15\byte-buddy-1.8.15.jar;F:\Users\ghildiyal\.m2\repository\org\apache\commons\commons-exec\1.3\commons-exec-1.3.jar;F:\Users\ghildiyal\.m2\repository\com\google\guava\guava\25.0-jre\guava-25.0-jre.jar;F:\Users\ghildiyal\.m2\repos
Launcher Type: SUN_STANDARD

Environment Variables:
JAVA_HOME=F:\Program Files\Java\jdk1.8.0_201
PATH=F:/Program Files/Java/jre1.8.0_201/bin/client;F:/Program Files/Java/jre1.8.0_201/bin;F:/Program Files/Java/jre1.8.0_201/lib/i386;F:\Program Files\Common Files\Oracle\Java\javapath;F:\Windows\system32;F:\Windows;F:\Windows\System32\Wbem;F:\Windows\System32\WindowsPowerShell\v1.0\;F:\Program Files\Java\jdk1.8.0_201;F:\Users\ghildiyal\Downloads\apache-maven-3.6.3-bin\apache-maven-3.6.3\bin;F:\Program Files\Git\cmd;F:\Users\ghildiyal\Desktop\eclipse;
USERNAME=ghildiyal
OS=Windows_NT
PROCESSOR_IDENTIFIER=x86 Family 6 Model 15 Stepping 13, GenuineIntel



---------------  S Y S T E M  ---------------

OS: Windows 7 Build 7601 (6.1.7601.24545)

CPU:total 2 (initial active 2) (2 cores per cpu, 1 threads per core) family 6 model 15 stepping 13, cmov, cx8, fxsr, mmx, sse, sse2, sse3, ssse3, tsc

Memory: 4k page, physical 3136824k(775792k free), swap 6271980k(3427136k free)

vm_info: Java HotSpot(TM) Client VM (25.201-b09) for windows-x86 JRE (1.8.0_201-b09), built on Dec 16 2018 00:13:48 by "java_re" with MS VC++ 10.0 (VS2010)

time: Sun Apr 05 12:31:49 2020
timezone: India Standard Time
elapsed time: 10 seconds (0d 0h 0m 10s)

